Determining if the pthread_create exist failed with the following output:
Change Dir: /home/skookum/Robotics/robotics_ws/build/CMakeFiles/CMakeTmp

Run Build Command:"/usr/bin/make" "cmTC_56293/fast"
/usr/bin/make -f CMakeFiles/cmTC_56293.dir/build.make CMakeFiles/cmTC_56293.dir/build
make[1]: Entering directory '/home/skookum/Robotics/robotics_ws/build/CMakeFiles/CMakeTmp'
Building C object CMakeFiles/cmTC_56293.dir/CheckSymbolExists.c.o
/usr/bin/gcc-5    -o CMakeFiles/cmTC_56293.dir/CheckSymbolExists.c.o   -c /home/skookum/Robotics/robotics_ws/build/CMakeFiles/CMakeTmp/CheckSymbolExists.c
Linking C executable cmTC_56293
/usr/bin/cmake -E cmake_link_script CMakeFiles/cmTC_56293.dir/link.txt --verbose=1
/usr/bin/gcc-5      -rdynamic CMakeFiles/cmTC_56293.dir/CheckSymbolExists.c.o  -o cmTC_56293 
CMakeFiles/cmTC_56293.dir/CheckSymbolExists.c.o: In function `main':
CheckSymbolExists.c:(.text+0x14): undefined reference to `pthread_create'
CheckSymbolExists.c:(.text+0x18): undefined reference to `pthread_create'
collect2: error: ld returned 1 exit status
CMakeFiles/cmTC_56293.dir/build.make:97: recipe for target 'cmTC_56293' failed
make[1]: *** [cmTC_56293] Error 1
make[1]: Leaving directory '/home/skookum/Robotics/robotics_ws/build/CMakeFiles/CMakeTmp'
Makefile:126: recipe for target 'cmTC_56293/fast' failed
make: *** [cmTC_56293/fast] Error 2

File /home/skookum/Robotics/robotics_ws/build/CMakeFiles/CMakeTmp/CheckSymbolExists.c:
/* */
#include <pthread.h>

int main(int argc, char** argv)
{
  (void)argv;
#ifndef pthread_create
  return ((int*)(&pthread_create))[argc];
#else
  (void)argc;
  return 0;
#endif
}

Determining if the function pthread_create exists in the pthreads failed with the following output:
Change Dir: /home/skookum/Robotics/robotics_ws/build/CMakeFiles/CMakeTmp

Run Build Command:"/usr/bin/make" "cmTC_862d2/fast"
/usr/bin/make -f CMakeFiles/cmTC_862d2.dir/build.make CMakeFiles/cmTC_862d2.dir/build
make[1]: Entering directory '/home/skookum/Robotics/robotics_ws/build/CMakeFiles/CMakeTmp'
Building C object CMakeFiles/cmTC_862d2.dir/CheckFunctionExists.c.o
/usr/bin/gcc-5   -DCHECK_FUNCTION_EXISTS=pthread_create   -o CMakeFiles/cmTC_862d2.dir/CheckFunctionExists.c.o   -c /usr/share/cmake-3.10/Modules/CheckFunctionExists.c
Linking C executable cmTC_862d2
/usr/bin/cmake -E cmake_link_script CMakeFiles/cmTC_862d2.dir/link.txt --verbose=1
/usr/bin/gcc-5  -DCHECK_FUNCTION_EXISTS=pthread_create    -rdynamic CMakeFiles/cmTC_862d2.dir/CheckFunctionExists.c.o  -o cmTC_862d2 -lpthreads 
/usr/bin/ld: cannot find -lpthreads
collect2: error: ld returned 1 exit status
CMakeFiles/cmTC_862d2.dir/build.make:97: recipe for target 'cmTC_862d2' failed
make[1]: *** [cmTC_862d2] Error 1
make[1]: Leaving directory '/home/skookum/Robotics/robotics_ws/build/CMakeFiles/CMakeTmp'
Makefile:126: recipe for target 'cmTC_862d2/fast' failed
make: *** [cmTC_862d2/fast] Error 2


