Determining if the pthread_create exist failed with the following output:
Change Dir: /home/k5200/CSMM.103x/5/startercode/catkin_ws/build/CMakeFiles/CMakeTmp

Run Build Command:"/usr/bin/make" "cmTC_d922f/fast"
/usr/bin/make -f CMakeFiles/cmTC_d922f.dir/build.make CMakeFiles/cmTC_d922f.dir/build
make[1]: Entering directory '/home/k5200/CSMM.103x/5/startercode/catkin_ws/build/CMakeFiles/CMakeTmp'
Building C object CMakeFiles/cmTC_d922f.dir/CheckSymbolExists.c.o
/usr/bin/cc    -o CMakeFiles/cmTC_d922f.dir/CheckSymbolExists.c.o   -c /home/k5200/CSMM.103x/5/startercode/catkin_ws/build/CMakeFiles/CMakeTmp/CheckSymbolExists.c
Linking C executable cmTC_d922f
/usr/bin/cmake -E cmake_link_script CMakeFiles/cmTC_d922f.dir/link.txt --verbose=1
/usr/bin/cc      -rdynamic CMakeFiles/cmTC_d922f.dir/CheckSymbolExists.c.o  -o cmTC_d922f 
CMakeFiles/cmTC_d922f.dir/CheckSymbolExists.c.o: In function `main':
CheckSymbolExists.c:(.text+0x1b): undefined reference to `pthread_create'
collect2: error: ld returned 1 exit status
CMakeFiles/cmTC_d922f.dir/build.make:97: recipe for target 'cmTC_d922f' failed
make[1]: *** [cmTC_d922f] Error 1
make[1]: Leaving directory '/home/k5200/CSMM.103x/5/startercode/catkin_ws/build/CMakeFiles/CMakeTmp'
Makefile:126: recipe for target 'cmTC_d922f/fast' failed
make: *** [cmTC_d922f/fast] Error 2

File /home/k5200/CSMM.103x/5/startercode/catkin_ws/build/CMakeFiles/CMakeTmp/CheckSymbolExists.c:
/* */
#include <pthread.h>

int main(int argc, char** argv)
{
  (void)argv;
#ifndef pthread_create
  return ((int*)(&pthread_create))[argc];
#else
  (void)argc;
  return 0;
#endif
}

Determining if the function pthread_create exists in the pthreads failed with the following output:
Change Dir: /home/k5200/CSMM.103x/5/startercode/catkin_ws/build/CMakeFiles/CMakeTmp

Run Build Command:"/usr/bin/make" "cmTC_8419c/fast"
/usr/bin/make -f CMakeFiles/cmTC_8419c.dir/build.make CMakeFiles/cmTC_8419c.dir/build
make[1]: Entering directory '/home/k5200/CSMM.103x/5/startercode/catkin_ws/build/CMakeFiles/CMakeTmp'
Building C object CMakeFiles/cmTC_8419c.dir/CheckFunctionExists.c.o
/usr/bin/cc   -DCHECK_FUNCTION_EXISTS=pthread_create   -o CMakeFiles/cmTC_8419c.dir/CheckFunctionExists.c.o   -c /usr/share/cmake-3.10/Modules/CheckFunctionExists.c
Linking C executable cmTC_8419c
/usr/bin/cmake -E cmake_link_script CMakeFiles/cmTC_8419c.dir/link.txt --verbose=1
/usr/bin/cc  -DCHECK_FUNCTION_EXISTS=pthread_create    -rdynamic CMakeFiles/cmTC_8419c.dir/CheckFunctionExists.c.o  -o cmTC_8419c -lpthreads 
/usr/bin/ld: cannot find -lpthreads
collect2: error: ld returned 1 exit status
CMakeFiles/cmTC_8419c.dir/build.make:97: recipe for target 'cmTC_8419c' failed
make[1]: *** [cmTC_8419c] Error 1
make[1]: Leaving directory '/home/k5200/CSMM.103x/5/startercode/catkin_ws/build/CMakeFiles/CMakeTmp'
Makefile:126: recipe for target 'cmTC_8419c/fast' failed
make: *** [cmTC_8419c/fast] Error 2


